<?xml version="1.0" encoding="UTF-8"?>
<!-- Generated by org.testng.reporters.JUnitReportReporter -->
<testsuite hostname="OShalby-HQ-EN" failures="0" tests="1" name="testCases.ValidateOnErrorTC" time="3.860" errors="0" timestamp="2024-02-20T17:23:50 EET" skipped="0">
  <testcase classname="testCases.ValidateOnErrorTC" name="ValidateOnErrorMessage" time="3.860"/>
</testsuite> <!-- testCases.ValidateOnErrorTC -->
