<?xml version="1.0" encoding="UTF-8"?>
<!-- Generated by org.testng.reporters.JUnitReportReporter -->
<testsuite hostname="OShalby-HQ-EN" failures="0" tests="1" name="testCases.PostAdTC" time="20.198" errors="0" timestamp="2024-02-21T17:31:37 EET" skipped="0">
  <testcase classname="testCases.PostAdTC" name="PostAdFlow" time="20.198"/>
</testsuite> <!-- testCases.PostAdTC -->
