<?xml version="1.0" encoding="UTF-8"?>
<!-- Generated by org.testng.reporters.JUnitReportReporter -->
<testsuite hostname="OShalby-HQ-EN" failures="0" tests="1" name="testCases.ValidateOnMediaPageTC" time="0.718" errors="0" timestamp="2024-02-21T17:31:37 EET" skipped="0">
  <testcase classname="testCases.ValidateOnMediaPageTC" name="ValidateOnMediaPageTitle" time="0.718"/>
</testsuite> <!-- testCases.ValidateOnMediaPageTC -->
