<?xml version="1.0" encoding="UTF-8"?>
<!-- Generated by org.testng.reporters.JUnitReportReporter -->
<testsuite hostname="OShalby-HQ-EN" failures="0" tests="1" name="testCases.ValidateOnError" time="3.286" errors="0" timestamp="2024-02-20T14:20:13 EET" skipped="0">
  <testcase classname="testCases.ValidateOnError" name="ValidateOnErrorMessage" time="3.286"/>
</testsuite> <!-- testCases.ValidateOnError -->
