<?xml version="1.0" encoding="UTF-8"?>
<!-- Generated by org.testng.reporters.JUnitReportReporter -->
<testsuite hostname="OShalby-HQ-EN" failures="0" tests="1" name="testCases.TestCase" time="10.983" errors="0" timestamp="2024-02-20T14:16:30 EET" skipped="0">
  <testcase classname="testCases.TestCase" name="login" time="10.983"/>
</testsuite> <!-- testCases.TestCase -->
