<?xml version="1.0" encoding="UTF-8"?>
<!-- Generated by org.testng.reporters.JUnitReportReporter -->
<testsuite hostname="OShalby-HQ-EN" failures="0" tests="1" name="testCases.LoginTC" time="11.070" errors="0" timestamp="2024-02-20T16:35:35 EET" skipped="0">
  <testcase classname="testCases.LoginTC" name="login" time="11.070"/>
</testsuite> <!-- testCases.LoginTC -->
